[debug] [2022-05-27T10:56:23.482Z] ----------------------------------------------------------------------
[debug] [2022-05-27T10:56:23.483Z] Command:       /usr/local/bin/node /usr/local/bin/firebase deploy
[debug] [2022-05-27T10:56:23.483Z] CLI Version:   10.6.0
[debug] [2022-05-27T10:56:23.483Z] Platform:      darwin
[debug] [2022-05-27T10:56:23.484Z] Node Version:  v16.13.1
[debug] [2022-05-27T10:56:23.486Z] Time:          Fri May 27 2022 16:56:23 GMT+0600 (Bangladesh Standard Time)
[debug] [2022-05-27T10:56:23.487Z] ----------------------------------------------------------------------
[debug] 
[debug] [2022-05-27T10:56:23.557Z] > command requires scopes: ["email","openid","https://www.googleapis.com/auth/cloudplatformprojects.readonly","https://www.googleapis.com/auth/firebase","https://www.googleapis.com/auth/cloud-platform"]
[debug] [2022-05-27T10:56:23.558Z] > authorizing via signed-in user (algorana01@gmail.com)
[debug] [2022-05-27T10:56:23.558Z] [iam] checking project etools-f14f3 for permissions ["firebase.projects.get","firebasehosting.sites.update"]
[debug] [2022-05-27T10:56:23.559Z] > refreshing access token with scopes: []
[debug] [2022-05-27T10:56:23.559Z] >>> HTTP REQUEST POST https://www.googleapis.com/oauth2/v3/token  
 <request body omitted>
[debug] [2022-05-27T10:56:23.578Z] [iam] error while checking permissions, command may fail: FirebaseError: Authentication Error: Your credentials are no longer valid. Please run firebase login --reauth

For CI servers and headless environments, generate a new token with firebase login:ci
[debug] [2022-05-27T10:56:23.578Z] > refreshing access token with scopes: []
[debug] [2022-05-27T10:56:23.578Z] >>> HTTP REQUEST POST https://www.googleapis.com/oauth2/v3/token  
 <request body omitted>
[debug] [2022-05-27T10:56:23.585Z] Authentication Error: Your credentials are no longer valid. Please run firebase login --reauth

For CI servers and headless environments, generate a new token with firebase login:ci
[debug] [2022-05-27T10:56:23.591Z] FirebaseError: Authentication Error: Your credentials are no longer valid. Please run firebase login --reauth

For CI servers and headless environments, generate a new token with firebase login:ci
    at invalidCredentialError (/usr/local/lib/node_modules/firebase-tools/lib/auth.js:145:12)
    at refreshTokens (/usr/local/lib/node_modules/firebase-tools/lib/auth.js:485:15)
    at processTicksAndRejections (node:internal/process/task_queues:96:5)
    at async Client.getAccessToken (/usr/local/lib/node_modules/firebase-tools/lib/apiv2.js:147:23)
    at async Client.addAuthHeader (/usr/local/lib/node_modules/firebase-tools/lib/apiv2.js:138:21)
    at async Client.request (/usr/local/lib/node_modules/firebase-tools/lib/apiv2.js:94:34)
    at async getFirebaseProject (/usr/local/lib/node_modules/firebase-tools/lib/management/projects.js:290:21)
    at async getDefaultHostingSite (/usr/local/lib/node_modules/firebase-tools/lib/getDefaultHostingSite.js:8:21)
    at async requireHostingSite (/usr/local/lib/node_modules/firebase-tools/lib/requireHostingSite.js:9:18)
    at async Object.fn (/usr/local/lib/node_modules/firebase-tools/lib/commands/deploy.js:73:9)
    at async /usr/local/lib/node_modules/firebase-tools/lib/command.js:188:17
[error] 
[error] Error: Failed to get Firebase project etools-f14f3. Please make sure the project exists and your account has permission to access it.
